<?xml version="1.0" encoding="UTF-8"?>
<!-- Generated by org.testng.reporters.JUnitReportReporter -->
<testsuite hostname="Home-PC" name="automationFramework.TestNGBasics" tests="4" failures="0" timestamp="5 Feb 2018 04:31:42 GMT" time="0.021" errors="0">
  <testcase name="searchtest" time="0.001" classname="automationFramework.TestNGBasics"/>
  <testcase name="test1" time="0.004" classname="automationFramework.TestNGBasics"/>
  <testcase name="googletitletest" time="0.011" classname="automationFramework.TestNGBasics"/>
  <testcase name="test2" time="0.005" classname="automationFramework.TestNGBasics"/>
</testsuite> <!-- automationFramework.TestNGBasics -->
