<?xml version="1.0" encoding="UTF-8"?>
<!-- Generated by org.testng.reporters.JUnitReportReporter -->
<testsuite hostname="Home-PC" name="automationFramework.InvocationCountTest" tests="10" failures="0" timestamp="5 Feb 2018 05:54:59 GMT" time="0.024" errors="0">
  <testcase name="sum" time="0.001" classname="automationFramework.InvocationCountTest"/>
  <testcase name="sum" time="0.001" classname="automationFramework.InvocationCountTest"/>
  <testcase name="sum" time="0.000" classname="automationFramework.InvocationCountTest"/>
  <testcase name="sum" time="0.001" classname="automationFramework.InvocationCountTest"/>
  <testcase name="sum" time="0.009" classname="automationFramework.InvocationCountTest"/>
  <testcase name="sum" time="0.007" classname="automationFramework.InvocationCountTest"/>
  <testcase name="sum" time="0.001" classname="automationFramework.InvocationCountTest"/>
  <testcase name="sum" time="0.001" classname="automationFramework.InvocationCountTest"/>
  <testcase name="sum" time="0.002" classname="automationFramework.InvocationCountTest"/>
  <testcase name="sum" time="0.001" classname="automationFramework.InvocationCountTest"/>
</testsuite> <!-- automationFramework.InvocationCountTest -->
