<?xml version="1.0" encoding="UTF-8"?>
<!-- Generated by org.testng.reporters.JUnitReportReporter -->
<testsuite hostname="Home-PC" name="automationFramework.Grouping" tests="3" failures="0" timestamp="5 Feb 2018 04:28:29 GMT" time="0.024" errors="0">
  <testcase name="Sedan1" time="0.001" classname="automationFramework.Grouping"/>
  <testcase name="Car1" time="0.022" classname="automationFramework.Grouping"/>
  <testcase name="Car2" time="0.001" classname="automationFramework.Grouping"/>
</testsuite> <!-- automationFramework.Grouping -->
