<?xml version="1.0" encoding="UTF-8"?>
<!-- Generated by org.testng.reporters.JUnitReportReporter -->
<testsuite hostname="Home-PC" name="automationFramework.Dependent" tests="3" failures="0" timestamp="5 Feb 2018 04:29:54 GMT" time="0.011" errors="0">
  <testcase name="SignIn" time="0.001" classname="automationFramework.Dependent"/>
  <testcase name="LogOut" time="0.001" classname="automationFramework.Dependent"/>
  <testcase name="OpenBrowser" time="0.009" classname="automationFramework.Dependent"/>
</testsuite> <!-- automationFramework.Dependent -->
