<?xml version="1.0" encoding="UTF-8"?>
<!-- Generated by org.testng.reporters.JUnitReportReporter -->
<testsuite hostname="Home-PC" name="automationFramework.ExceptionTimeoutTest" tests="1" failures="0" timestamp="5 Feb 2018 06:01:32 GMT" time="0.016" errors="0">
  <testcase name="test1" time="0.016" classname="automationFramework.ExceptionTimeoutTest"/>
</testsuite> <!-- automationFramework.ExceptionTimeoutTest -->
