<?xml version="1.0" encoding="UTF-8"?>
<!-- Generated by org.testng.reporters.JUnitReportReporter -->
<testsuite hostname="Home-PC" name="automationFramework.TestNGFeatures" tests="4" failures="0" timestamp="5 Feb 2018 05:53:17 GMT" time="0.071" errors="0">
  <testcase name="RegPageTest" time="0.002" classname="automationFramework.TestNGFeatures"/>
  <testcase name="loginTest" time="0.066" classname="automationFramework.TestNGFeatures"/>
  <testcase name="SearchPageTest" time="0.001" classname="automationFramework.TestNGFeatures"/>
  <testcase name="HomePageTest" time="0.002" classname="automationFramework.TestNGFeatures"/>
</testsuite> <!-- automationFramework.TestNGFeatures -->
