<?xml version="1.0" encoding="UTF-8"?>
<!-- Generated by org.testng.reporters.JUnitReportReporter -->
<testsuite hostname="Home-PC" name="automationFramework.ParameterTest" tests="1" failures="0" timestamp="5 Feb 2018 07:00:53 GMT" time="87.914" errors="0">
  <testcase name="yahooLoginTest" time="87.914" classname="automationFramework.ParameterTest"/>
</testsuite> <!-- automationFramework.ParameterTest -->
